

Microchip MPLAB XC8 Assembler V3.10 build 20250813170317 
                                                                                               Fri Dec 19 09:34:04 2025

Microchip MPLAB XC8 C Compiler v3.10 (Free license) build 20250813170317 Og1 
     1                           	processor	18F4550
     2                           	fnconf	rparam,??,?,0
     3                           	pagewidth 120
     4                           	opt	flic
     5                           	psect	cinit,global,reloc=2,class=CODE,space=0,delta=1
     6                           	psect	cstackCOMRAM,global,class=COMRAM,space=1,delta=1,lowdata,noexec
     7                           	psect	text0,global,reloc=2,class=CODE,space=0,delta=1
     8                           	psect	text1,global,reloc=2,class=CODE,space=0,delta=1
     9                           	psect	text2,global,reloc=2,class=CODE,space=0,delta=1
    10                           	psect	smallconst,global,reloc=2,class=SMALLCONST,space=0,delta=1,noexec
    11                           	psect	intsave_regs,global,class=BIGRAM,space=1,delta=1,noexec
    12                           	psect	rparam,global,class=COMRAM,space=1,delta=1,noexec
    13                           	psect	config,global,abs,ovrld,class=CONFIG,space=4,delta=1,noexec
    14   000000                     
    15                           ; Generated 17/01/2025 GMT
    16                           ; 
    17                           ; Copyright © 2025, Microchip Technology Inc. and its subsidiaries ("Microchip")
    18                           ; All rights reserved.
    19                           ; 
    20                           ; This software is developed by Microchip Technology Inc. and its subsidiaries ("Microch
      +                          ip").
    21                           ; 
    22                           ; Redistribution and use in source and binary forms, with or without modification, are
    23                           ; permitted provided that the following conditions are met:
    24                           ; 
    25                           ;     1. Redistributions of source code must retain the above copyright notice, this lis
      +                          t of
    26                           ;        conditions and the following disclaimer.
    27                           ; 
    28                           ;     2. Redistributions in binary form must reproduce the above copyright notice, this 
      +                          list
    29                           ;        of conditions and the following disclaimer in the documentation and/or other
    30                           ;        materials provided with the distribution. Publication is not required when
    31                           ;        this file is used in an embedded application.
    32                           ; 
    33                           ;     3. Microchip's name may not be used to endorse or promote products derived from th
      +                          is
    34                           ;        software without specific prior written permission.
    35                           ; 
    36                           ; THIS SOFTWARE IS PROVIDED BY MICROCHIP "AS IS" AND ANY EXPRESS OR IMPLIED WARRANTIES,
    37                           ; INCLUDING, BUT NOT LIMITED TO, THE IMPLIED WARRANTIES OF MERCHANTABILITY AND FITNESS F
      +                          OR
    38                           ; PURPOSE ARE DISCLAIMED.  IN NO EVENT SHALL MICROCHIP BE LIABLE FOR ANY DIRECT, INDIREC
      +                          T,
    39                           ; INCIDENTAL, SPECIAL, EXEMPLARY, OR CONSEQUENTIAL DAMAGES (INCLUDING BUT NOT LIMITED TO
    40                           ; PROCUREMENT OF SUBSTITUTE GOODS OR SERVICES; LOSS OF USE, DATA OR PROFITS; OR BUSINESS
    41                           ; INTERRUPTION) HOWSOEVER CAUSED AND ON ANY THEORY OF LIABILITY, WHETHER IN CONTRACT, ST
      +                          RICT
    42                           ; LIABILITY, OR TORT (INCLUDING NEGLIGENCE OR OTHERWISE) ARISING IN ANY WAY OUT OF THE U
      +                          SE OF
    43                           ; THIS SOFTWARE, EVEN IF ADVISED OF THE POSSIBILITY OF SUCH DAMAGE.
    44                           ; 
    45                           ; 
    46                           ; Code-generator required, PIC18F4550 Definitions
    47                           ; 
    48                           ; SFR Addresses
    49   000FE0                     bsr             equ	4064
    50   000FE9                     fsr0            equ	4073
    51   000FEA                     fsr0h           equ	4074
    52   000FE9                     fsr0l           equ	4073
    53   000FE1                     fsr1            equ	4065
    54   000FE2                     fsr1h           equ	4066
    55   000FE1                     fsr1l           equ	4065
    56   000FD9                     fsr2            equ	4057
    57   000FDA                     fsr2h           equ	4058
    58   000FD9                     fsr2l           equ	4057
    59   000FEF                     indf0           equ	4079
    60   000FE7                     indf1           equ	4071
    61   000FDF                     indf2           equ	4063
    62   000FF2                     intcon          equ	4082
    63   000000                     nvmcon          equ	0
    64   000FF9                     pcl             equ	4089
    65   000FFA                     pclath          equ	4090
    66   000FFB                     pclatu          equ	4091
    67   000FEB                     plusw0          equ	4075
    68   000FE3                     plusw1          equ	4067
    69   000FDB                     plusw2          equ	4059
    70   000FED                     postdec0        equ	4077
    71   000FE5                     postdec1        equ	4069
    72   000FDD                     postdec2        equ	4061
    73   000FEE                     postinc0        equ	4078
    74   000FE6                     postinc1        equ	4070
    75   000FDE                     postinc2        equ	4062
    76   000FEC                     preinc0         equ	4076
    77   000FE4                     preinc1         equ	4068
    78   000FDC                     preinc2         equ	4060
    79   000FF3                     prod            equ	4083
    80   000FF4                     prodh           equ	4084
    81   000FF3                     prodl           equ	4083
    82   000FD8                     status          equ	4056
    83   000FF5                     tablat          equ	4085
    84   000FF6                     tblptr          equ	4086
    85   000FF7                     tblptrh         equ	4087
    86   000FF6                     tblptrl         equ	4086
    87   000FF8                     tblptru         equ	4088
    88   000FFD                     tosl            equ	4093
    89   000FE8                     wreg            equ	4072
    90   000F62                     SPPDATA         equ	3938	;# 
    91   000F63                     SPPCFG          equ	3939	;# 
    92   000F64                     SPPEPS          equ	3940	;# 
    93   000F65                     SPPCON          equ	3941	;# 
    94   000F66                     UFRM            equ	3942	;# 
    95   000F66                     UFRML           equ	3942	;# 
    96   000F67                     UFRMH           equ	3943	;# 
    97   000F68                     UIR             equ	3944	;# 
    98   000F69                     UIE             equ	3945	;# 
    99   000F6A                     UEIR            equ	3946	;# 
   100   000F6B                     UEIE            equ	3947	;# 
   101   000F6C                     USTAT           equ	3948	;# 
   102   000F6D                     UCON            equ	3949	;# 
   103   000F6E                     UADDR           equ	3950	;# 
   104   000F6F                     UCFG            equ	3951	;# 
   105   000F70                     UEP0            equ	3952	;# 
   106   000F71                     UEP1            equ	3953	;# 
   107   000F72                     UEP2            equ	3954	;# 
   108   000F73                     UEP3            equ	3955	;# 
   109   000F74                     UEP4            equ	3956	;# 
   110   000F75                     UEP5            equ	3957	;# 
   111   000F76                     UEP6            equ	3958	;# 
   112   000F77                     UEP7            equ	3959	;# 
   113   000F78                     UEP8            equ	3960	;# 
   114   000F79                     UEP9            equ	3961	;# 
   115   000F7A                     UEP10           equ	3962	;# 
   116   000F7B                     UEP11           equ	3963	;# 
   117   000F7C                     UEP12           equ	3964	;# 
   118   000F7D                     UEP13           equ	3965	;# 
   119   000F7E                     UEP14           equ	3966	;# 
   120   000F7F                     UEP15           equ	3967	;# 
   121   000F80                     PORTA           equ	3968	;# 
   122   000F81                     PORTB           equ	3969	;# 
   123   000F82                     PORTC           equ	3970	;# 
   124   000F83                     PORTD           equ	3971	;# 
   125   000F84                     PORTE           equ	3972	;# 
   126   000F89                     LATA            equ	3977	;# 
   127   000F8A                     LATB            equ	3978	;# 
   128   000F8B                     LATC            equ	3979	;# 
   129   000F8C                     LATD            equ	3980	;# 
   130   000F8D                     LATE            equ	3981	;# 
   131   000F92                     TRISA           equ	3986	;# 
   132   000F92                     DDRA            equ	3986	;# 
   133   000F93                     TRISB           equ	3987	;# 
   134   000F93                     DDRB            equ	3987	;# 
   135   000F94                     TRISC           equ	3988	;# 
   136   000F94                     DDRC            equ	3988	;# 
   137   000F95                     TRISD           equ	3989	;# 
   138   000F95                     DDRD            equ	3989	;# 
   139   000F96                     TRISE           equ	3990	;# 
   140   000F96                     DDRE            equ	3990	;# 
   141   000F9B                     OSCTUNE         equ	3995	;# 
   142   000F9D                     PIE1            equ	3997	;# 
   143   000F9E                     PIR1            equ	3998	;# 
   144   000F9F                     IPR1            equ	3999	;# 
   145   000FA0                     PIE2            equ	4000	;# 
   146   000FA1                     PIR2            equ	4001	;# 
   147   000FA2                     IPR2            equ	4002	;# 
   148   000FA6                     EECON1          equ	4006	;# 
   149   000FA7                     EECON2          equ	4007	;# 
   150   000FA8                     EEDATA          equ	4008	;# 
   151   000FA9                     EEADR           equ	4009	;# 
   152   000FAB                     RCSTA           equ	4011	;# 
   153   000FAB                     RCSTA1          equ	4011	;# 
   154   000FAC                     TXSTA           equ	4012	;# 
   155   000FAC                     TXSTA1          equ	4012	;# 
   156   000FAD                     TXREG           equ	4013	;# 
   157   000FAD                     TXREG1          equ	4013	;# 
   158   000FAE                     RCREG           equ	4014	;# 
   159   000FAE                     RCREG1          equ	4014	;# 
   160   000FAF                     SPBRG           equ	4015	;# 
   161   000FAF                     SPBRG1          equ	4015	;# 
   162   000FB0                     SPBRGH          equ	4016	;# 
   163   000FB1                     T3CON           equ	4017	;# 
   164   000FB2                     TMR3            equ	4018	;# 
   165   000FB2                     TMR3L           equ	4018	;# 
   166   000FB3                     TMR3H           equ	4019	;# 
   167   000FB4                     CMCON           equ	4020	;# 
   168   000FB5                     CVRCON          equ	4021	;# 
   169   000FB6                     ECCP1AS         equ	4022	;# 
   170   000FB6                     CCP1AS          equ	4022	;# 
   171   000FB7                     ECCP1DEL        equ	4023	;# 
   172   000FB7                     CCP1DEL         equ	4023	;# 
   173   000FB8                     BAUDCON         equ	4024	;# 
   174   000FB8                     BAUDCTL         equ	4024	;# 
   175   000FBA                     CCP2CON         equ	4026	;# 
   176   000FBB                     CCPR2           equ	4027	;# 
   177   000FBB                     CCPR2L          equ	4027	;# 
   178   000FBC                     CCPR2H          equ	4028	;# 
   179   000FBD                     CCP1CON         equ	4029	;# 
   180   000FBD                     ECCP1CON        equ	4029	;# 
   181   000FBE                     CCPR1           equ	4030	;# 
   182   000FBE                     CCPR1L          equ	4030	;# 
   183   000FBF                     CCPR1H          equ	4031	;# 
   184   000FC0                     ADCON2          equ	4032	;# 
   185   000FC1                     ADCON1          equ	4033	;# 
   186   000FC2                     ADCON0          equ	4034	;# 
   187   000FC3                     ADRES           equ	4035	;# 
   188   000FC3                     ADRESL          equ	4035	;# 
   189   000FC4                     ADRESH          equ	4036	;# 
   190   000FC5                     SSPCON2         equ	4037	;# 
   191   000FC6                     SSPCON1         equ	4038	;# 
   192   000FC7                     SSPSTAT         equ	4039	;# 
   193   000FC8                     SSPADD          equ	4040	;# 
   194   000FC9                     SSPBUF          equ	4041	;# 
   195   000FCA                     T2CON           equ	4042	;# 
   196   000FCB                     PR2             equ	4043	;# 
   197   000FCB                     MEMCON          equ	4043	;# 
   198   000FCC                     TMR2            equ	4044	;# 
   199   000FCD                     T1CON           equ	4045	;# 
   200   000FCE                     TMR1            equ	4046	;# 
   201   000FCE                     TMR1L           equ	4046	;# 
   202   000FCF                     TMR1H           equ	4047	;# 
   203   000FD0                     RCON            equ	4048	;# 
   204   000FD1                     WDTCON          equ	4049	;# 
   205   000FD2                     HLVDCON         equ	4050	;# 
   206   000FD2                     LVDCON          equ	4050	;# 
   207   000FD3                     OSCCON          equ	4051	;# 
   208   000FD5                     T0CON           equ	4053	;# 
   209   000FD6                     TMR0            equ	4054	;# 
   210   000FD6                     TMR0L           equ	4054	;# 
   211   000FD7                     TMR0H           equ	4055	;# 
   212   000FD8                     STATUS          equ	4056	;# 
   213   000FD9                     FSR2            equ	4057	;# 
   214   000FD9                     FSR2L           equ	4057	;# 
   215   000FDA                     FSR2H           equ	4058	;# 
   216   000FDB                     PLUSW2          equ	4059	;# 
   217   000FDC                     PREINC2         equ	4060	;# 
   218   000FDD                     POSTDEC2        equ	4061	;# 
   219   000FDE                     POSTINC2        equ	4062	;# 
   220   000FDF                     INDF2           equ	4063	;# 
   221   000FE0                     BSR             equ	4064	;# 
   222   000FE1                     FSR1            equ	4065	;# 
   223   000FE1                     FSR1L           equ	4065	;# 
   224   000FE2                     FSR1H           equ	4066	;# 
   225   000FE3                     PLUSW1          equ	4067	;# 
   226   000FE4                     PREINC1         equ	4068	;# 
   227   000FE5                     POSTDEC1        equ	4069	;# 
   228   000FE6                     POSTINC1        equ	4070	;# 
   229   000FE7                     INDF1           equ	4071	;# 
   230   000FE8                     WREG            equ	4072	;# 
   231   000FE9                     FSR0            equ	4073	;# 
   232   000FE9                     FSR0L           equ	4073	;# 
   233   000FEA                     FSR0H           equ	4074	;# 
   234   000FEB                     PLUSW0          equ	4075	;# 
   235   000FEC                     PREINC0         equ	4076	;# 
   236   000FED                     POSTDEC0        equ	4077	;# 
   237   000FEE                     POSTINC0        equ	4078	;# 
   238   000FEF                     INDF0           equ	4079	;# 
   239   000FF0                     INTCON3         equ	4080	;# 
   240   000FF1                     INTCON2         equ	4081	;# 
   241   000FF2                     INTCON          equ	4082	;# 
   242   000FF3                     PROD            equ	4083	;# 
   243   000FF3                     PRODL           equ	4083	;# 
   244   000FF4                     PRODH           equ	4084	;# 
   245   000FF5                     TABLAT          equ	4085	;# 
   246   000FF6                     TBLPTR          equ	4086	;# 
   247   000FF6                     TBLPTRL         equ	4086	;# 
   248   000FF7                     TBLPTRH         equ	4087	;# 
   249   000FF8                     TBLPTRU         equ	4088	;# 
   250   000FF9                     PCLAT           equ	4089	;# 
   251   000FF9                     PC              equ	4089	;# 
   252   000FF9                     PCL             equ	4089	;# 
   253   000FFA                     PCLATH          equ	4090	;# 
   254   000FFB                     PCLATU          equ	4091	;# 
   255   000FFC                     STKPTR          equ	4092	;# 
   256   000FFD                     TOS             equ	4093	;# 
   257   000FFD                     TOSL            equ	4093	;# 
   258   000FFE                     TOSH            equ	4094	;# 
   259   000FFF                     TOSU            equ	4095	;# 
   260   000F92                     _TRISA          set	3986
   261   000F81                     _PORTB          set	3969
   262   000F93                     _TRISB          set	3987
   263   000FD3                     _OSCCON         set	4051
   264   000FC3                     _ADRESL         set	4035
   265   000FC4                     _ADRESH         set	4036
   266   000FC2                     _ADCON0bits     set	4034
   267   000FC0                     _ADCON2         set	4032
   268   000FC1                     _ADCON1         set	4033
   269   000FC2                     _ADCON0         set	4034
   270                           
   271                           ; #config settings
   272                           
   273                           	psect	cinit
   274   00087E                     __pcinit:
   275                           	callstack 0
   276   00087E                     start_initialization:
   277                           	callstack 0
   278   00087E                     __initialization:
   279                           	callstack 0
   280   00087E                     end_of_initialization:
   281                           	callstack 0
   282   00087E                     __end_of__initialization:
   283                           	callstack 0
   284   00087E  0100               	movlb	0
   285   000880  EF01  F004         	goto	_main	;jump to C main() function
   286                           
   287                           	psect	cstackCOMRAM
   288   000001                     __pcstackCOMRAM:
   289                           	callstack 0
   290   000001                     ?_adc_read:
   291                           	callstack 0
   292   000001                     
   293                           ; 1 bytes @ 0x0
   294   000001                     	ds	2
   295   000003                     ??_adc_read:
   296                           
   297                           ; 1 bytes @ 0x2
   298   000003                     	ds	2
   299   000005                     ??_main:
   300                           
   301                           ; 1 bytes @ 0x4
   302   000005                     	ds	2
   303   000007                     main@adc_val:
   304                           	callstack 0
   305                           
   306                           ; 2 bytes @ 0x6
   307   000007                     	ds	2
   308   000009                     main@temp:
   309                           	callstack 0
   310                           
   311                           ; 1 bytes @ 0x8
   312   000009                     	ds	1
   313                           
   314 ;;
   315 ;;Main: autosize = 0, tempsize = 2, incstack = 0, save=0
   316 ;;
   317 ;; *************** function _main *****************
   318 ;; Defined at:
   319 ;;		line 22 in file "main.c"
   320 ;; Parameters:    Size  Location     Type
   321 ;;		None
   322 ;; Auto vars:     Size  Location     Type
   323 ;;  adc_val         2    6[COMRAM] unsigned int 
   324 ;;  temp            1    8[COMRAM] unsigned char 
   325 ;; Return value:  Size  Location     Type
   326 ;;                  1    wreg      void 
   327 ;; Registers used:
   328 ;;		wreg, status,2, status,0, cstack
   329 ;; Tracked objects:
   330 ;;		On entry : 0/0
   331 ;;		On exit  : 0/0
   332 ;;		Unchanged: 0/0
   333 ;; Data sizes:     COMRAM   BANK0   BANK1   BANK2   BANK3   BANK4   BANK5   BANK6   BANK7
   334 ;;      Params:         0       0       0       0       0       0       0       0       0
   335 ;;      Locals:         3       0       0       0       0       0       0       0       0
   336 ;;      Temps:          2       0       0       0       0       0       0       0       0
   337 ;;      Totals:         5       0       0       0       0       0       0       0       0
   338 ;;Total ram usage:        5 bytes
   339 ;; Hardware stack levels required when called: 1
   340 ;; This function calls:
   341 ;;		_adc_init
   342 ;;		_adc_read
   343 ;; This function is called by:
   344 ;;		Startup code after reset
   345 ;; This function uses a non-reentrant model
   346 ;;
   347                           
   348                           	psect	text0
   349   000802                     __ptext0:
   350                           	callstack 0
   351   000802                     _main:
   352                           	callstack 30
   353   000802                     
   354                           ;main.c: 23: 
   355   000802  0E70               	movlw	112
   356   000804  6ED3               	movwf	211,c	;volatile
   357   000806                     
   358                           ;main.c: 25:         unsigned int adc_val = adc_read();
   359   000806  6A93               	clrf	147,c	;volatile
   360   000808                     
   361                           ;main.c: 26: 
   362   000808  6A81               	clrf	129,c	;volatile
   363   00080A                     
   364                           ;main.c: 28: 
   365   00080A  6892               	setf	146,c	;volatile
   366   00080C                     
   367                           ;main.c: 30: 
   368   00080C  EC38  F004         	call	_adc_init	;wreg free
   369   000810                     l865:
   370                           
   371                           ;main.c: 33: 
   372   000810  EC26  F004         	call	_adc_read	;wreg free
   373   000814  C001  F007         	movff	?_adc_read,main@adc_val
   374   000818  C002  F008         	movff	?_adc_read+1,main@adc_val+1
   375   00081C  90D8               	bcf	status,0,c
   376   00081E  3008               	rrcf	(main@adc_val+1)^0,w,c
   377   000820  6E06               	movwf	(??_main+1)^0,c
   378   000822  3007               	rrcf	main@adc_val^0,w,c
   379   000824  6E05               	movwf	??_main^0,c
   380   000826  5005               	movf	??_main^0,w,c
   381   000828  6E09               	movwf	main@temp^0,c
   382   00082A  C009  FF81         	movff	main@temp,3969	;volatile
   383   00082E  0E06               	movlw	6
   384   000830  6E06               	movwf	(??_main+1)^0,c
   385   000832  0E13               	movlw	19
   386   000834  6E05               	movwf	??_main^0,c
   387   000836  0EAE               	movlw	174
   388   000838                     u37:
   389   000838  2EE8               	decfsz	wreg,f,c
   390   00083A  D7FE               	bra	u37
   391   00083C  2E05               	decfsz	??_main^0,f,c
   392   00083E  D7FC               	bra	u37
   393   000840  2E06               	decfsz	(??_main+1)^0,f,c
   394   000842  D7FA               	bra	u37
   395   000844  EF08  F004         	goto	l865
   396   000848  EFFE  F03F         	goto	start
   397   00084C                     __end_of_main:
   398                           	callstack 0
   399                           
   400 ;; *************** function _adc_read *****************
   401 ;; Defined at:
   402 ;;		line 16 in file "main.c"
   403 ;; Parameters:    Size  Location     Type
   404 ;;		None
   405 ;; Auto vars:     Size  Location     Type
   406 ;;		None
   407 ;; Return value:  Size  Location     Type
   408 ;;                  2    0[COMRAM] unsigned int 
   409 ;; Registers used:
   410 ;;		wreg, status,2, status,0
   411 ;; Tracked objects:
   412 ;;		On entry : 0/0
   413 ;;		On exit  : 0/0
   414 ;;		Unchanged: 0/0
   415 ;; Data sizes:     COMRAM   BANK0   BANK1   BANK2   BANK3   BANK4   BANK5   BANK6   BANK7
   416 ;;      Params:         2       0       0       0       0       0       0       0       0
   417 ;;      Locals:         0       0       0       0       0       0       0       0       0
   418 ;;      Temps:          2       0       0       0       0       0       0       0       0
   419 ;;      Totals:         4       0       0       0       0       0       0       0       0
   420 ;;Total ram usage:        4 bytes
   421 ;; Hardware stack levels used: 1
   422 ;; This function calls:
   423 ;;		Nothing
   424 ;; This function is called by:
   425 ;;		_main
   426 ;; This function uses a non-reentrant model
   427 ;;
   428                           
   429                           	psect	text1
   430   00084C                     __ptext1:
   431                           	callstack 0
   432   00084C                     _adc_read:
   433                           	callstack 30
   434   00084C                     
   435                           ;main.c: 17:     TRISB = 0x00;
   436   00084C  82C2               	bsf	194,1,c	;volatile
   437   00084E                     l28:
   438   00084E  B2C2               	btfsc	194,1,c	;volatile
   439   000850  EF2C  F004         	goto	u21
   440   000854  EF2E  F004         	goto	u20
   441   000858                     u21:
   442   000858  EF27  F004         	goto	l28
   443   00085C                     u20:
   444   00085C                     
   445                           ;main.c: 19: 
   446   00085C  50C4               	movf	196,w,c	;volatile
   447   00085E  6E04               	movwf	(??_adc_read+1)^0,c
   448   000860  6A03               	clrf	??_adc_read^0,c
   449   000862  50C3               	movf	195,w,c	;volatile
   450   000864  2403               	addwf	??_adc_read^0,w,c
   451   000866  6E01               	movwf	?_adc_read^0,c
   452   000868  0E00               	movlw	0
   453   00086A  2004               	addwfc	(??_adc_read+1)^0,w,c
   454   00086C  6E02               	movwf	(?_adc_read+1)^0,c
   455   00086E  0012               	return		;funcret
   456   000870                     __end_of_adc_read:
   457                           	callstack 0
   458                           
   459 ;; *************** function _adc_init *****************
   460 ;; Defined at:
   461 ;;		line 10 in file "main.c"
   462 ;; Parameters:    Size  Location     Type
   463 ;;		None
   464 ;; Auto vars:     Size  Location     Type
   465 ;;		None
   466 ;; Return value:  Size  Location     Type
   467 ;;                  1    wreg      void 
   468 ;; Registers used:
   469 ;;		wreg, status,2
   470 ;; Tracked objects:
   471 ;;		On entry : 0/0
   472 ;;		On exit  : 0/0
   473 ;;		Unchanged: 0/0
   474 ;; Data sizes:     COMRAM   BANK0   BANK1   BANK2   BANK3   BANK4   BANK5   BANK6   BANK7
   475 ;;      Params:         0       0       0       0       0       0       0       0       0
   476 ;;      Locals:         0       0       0       0       0       0       0       0       0
   477 ;;      Temps:          0       0       0       0       0       0       0       0       0
   478 ;;      Totals:         0       0       0       0       0       0       0       0       0
   479 ;;Total ram usage:        0 bytes
   480 ;; Hardware stack levels used: 1
   481 ;; This function calls:
   482 ;;		Nothing
   483 ;; This function is called by:
   484 ;;		_main
   485 ;; This function uses a non-reentrant model
   486 ;;
   487                           
   488                           	psect	text2
   489   000870                     __ptext2:
   490                           	callstack 0
   491   000870                     _adc_init:
   492                           	callstack 30
   493   000870                     
   494                           ;main.c: 11:     return ((ADRESH << 8) + ADRESL);
   495   000870  0E01               	movlw	1
   496   000872  6EC2               	movwf	194,c	;volatile
   497                           
   498                           ;main.c: 12: }
   499   000874  0E0E               	movlw	14
   500   000876  6EC1               	movwf	193,c	;volatile
   501                           
   502                           ;main.c: 13: 
   503   000878  0EAA               	movlw	170
   504   00087A  6EC0               	movwf	192,c	;volatile
   505   00087C  0012               	return		;funcret
   506   00087E                     __end_of_adc_init:
   507                           	callstack 0
   508                           
   509                           	psect	smallconst
   510   000800                     __psmallconst:
   511                           	callstack 0
   512   000800  00                 	db	0
   513   000801  00                 	db	0	; dummy byte at the end
   514   000800                     __smallconst    set	__psmallconst
   515   000800                     __mediumconst   set	__psmallconst
   516   000000                     __activetblptr  equ	0
   517                           
   518                           	psect	rparam
   519   000001                     ___rparam_used  equ	1
   520   000000                     ___param_bank   equ	0
   521   000000                     __Lparam        equ	__Lrparam
   522   000000                     __Hparam        equ	__Hrparam
   523                           
   524                           	psect	config
   525                           
   526                           ;Config register CONFIG1L @ 0x300000
   527                           ;	unspecified, using default values
   528                           ;	PLL Prescaler Selection bits
   529                           ;	PLLDIV = 0x0, unprogrammed default
   530                           ;	System Clock Postscaler Selection bits
   531                           ;	CPUDIV = 0x0, unprogrammed default
   532                           ;	USB Clock Selection bit (used in Full-Speed USB mode only; UCFG:FSEN = 1)
   533                           ;	USBDIV = 0x0, unprogrammed default
   534   300000                     	org	3145728
   535   300000  00                 	db	0
   536                           
   537                           ;Config register CONFIG1H @ 0x300001
   538                           ;	Oscillator Selection bits
   539                           ;	FOSC = INTOSC_EC, Internal oscillator, CLKO function on RA6, EC used by USB (INTCKO)
   540                           ;	Fail-Safe Clock Monitor Enable bit
   541                           ;	FCMEN = 0x0, unprogrammed default
   542                           ;	Internal/External Oscillator Switchover bit
   543                           ;	IESO = 0x0, unprogrammed default
   544   300001                     	org	3145729
   545   300001  09                 	db	9
   546                           
   547                           ;Config register CONFIG2L @ 0x300002
   548                           ;	unspecified, using default values
   549                           ;	Power-up Timer Enable bit
   550                           ;	PWRT = 0x1, unprogrammed default
   551                           ;	Brown-out Reset Enable bits
   552                           ;	BOR = 0x3, unprogrammed default
   553                           ;	Brown-out Reset Voltage bits
   554                           ;	BORV = 0x3, unprogrammed default
   555                           ;	USB Voltage Regulator Enable bit
   556                           ;	VREGEN = 0x0, unprogrammed default
   557   300002                     	org	3145730
   558   300002  1F                 	db	31
   559                           
   560                           ;Config register CONFIG2H @ 0x300003
   561                           ;	Watchdog Timer Enable bit
   562                           ;	WDT = OFF, WDT disabled (control is placed on the SWDTEN bit)
   563                           ;	Watchdog Timer Postscale Select bits
   564                           ;	WDTPS = 0xF, unprogrammed default
   565   300003                     	org	3145731
   566   300003  1E                 	db	30
   567                           
   568                           ;Config register CONFIG4L @ 0x300006
   569                           ;	Stack Full/Underflow Reset Enable bit
   570                           ;	STVREN = 0x1, unprogrammed default
   571                           ;	Single-Supply ICSP Enable bit
   572                           ;	LVP = OFF, Single-Supply ICSP disabled
   573                           ;	Dedicated In-Circuit Debug/Programming Port (ICPORT) Enable bit
   574                           ;	ICPRT = 0x0, unprogrammed default
   575                           ;	Extended Instruction Set Enable bit
   576                           ;	XINST = 0x0, unprogrammed default
   577                           ;	Background Debugger Enable bit
   578                           ;	DEBUG = 0x1, unprogrammed default
   579   300006                     	org	3145734
   580   300006  81                 	db	129
   581                           
   582                           ; Padding undefined space
   583   300007                     	org	3145735
   584   300007  FF                 	db	255
   585                           tosu	equ	0xFFF
   586                           tosh	equ	0xFFE
   587                           tosl	equ	0xFFD
   588                           stkptr	equ	0xFFC
   589                           pclatu	equ	0xFFB
   590                           pclath	equ	0xFFA
   591                           pcl	equ	0xFF9
   592                           tblptru	equ	0xFF8
   593                           tblptrh	equ	0xFF7
   594                           tblptrl	equ	0xFF6
   595                           tablat	equ	0xFF5
   596                           prodh	equ	0xFF4
   597                           prodl	equ	0xFF3
   598                           indf0	equ	0xFEF
   599                           postinc0	equ	0xFEE
   600                           postdec0	equ	0xFED
   601                           preinc0	equ	0xFEC
   602                           plusw0	equ	0xFEB
   603                           fsr0h	equ	0xFEA
   604                           fsr0l	equ	0xFE9
   605                           wreg	equ	0xFE8
   606                           indf1	equ	0xFE7
   607                           postinc1	equ	0xFE6
   608                           postdec1	equ	0xFE5
   609                           preinc1	equ	0xFE4
   610                           plusw1	equ	0xFE3
   611                           fsr1h	equ	0xFE2
   612                           fsr1l	equ	0xFE1
   613                           bsr	equ	0xFE0
   614                           indf2	equ	0xFDF
   615                           postinc2	equ	0xFDE
   616                           postdec2	equ	0xFDD
   617                           preinc2	equ	0xFDC
   618                           plusw2	equ	0xFDB
   619                           fsr2h	equ	0xFDA
   620                           fsr2l	equ	0xFD9
   621                           status	equ	0xFD8

Data Sizes:
    Strings     0
    Constant    0
    Data        0
    BSS         0
    Persistent  0
    Stack       0

Auto Spaces:
    Space          Size  Autos    Used
    COMRAM           95      9       9
    BANK0           160      0       0
    BANK1           256      0       0
    BANK2           256      0       0
    BANK3           256      0       0
    BANK4           256      0       0
    BANK5           256      0       0
    BANK6           256      0       0
    BANK7           256      0       0

Pointer List with Targets:

    None.

Critical Paths under _main in COMRAM

    _main->_adc_read

Critical Paths under _main in BANK0

    None.

Critical Paths under _main in BANK1

    None.

Critical Paths under _main in BANK2

    None.

Critical Paths under _main in BANK3

    None.

Critical Paths under _main in BANK4

    None.

Critical Paths under _main in BANK5

    None.

Critical Paths under _main in BANK6

    None.

Critical Paths under _main in BANK7

    None.

Call Graph Tables:

 ---------------------------------------------------------------------------------
 (Depth) Function   	        Calls       Base Space   Used Autos Params    Refs
 ---------------------------------------------------------------------------------
 (0) _main                                                 5     5      0      46
                                              4 COMRAM     5     5      0
                           _adc_init
                           _adc_read
 ---------------------------------------------------------------------------------
 (1) _adc_read                                             4     2      2       0
                                              0 COMRAM     4     2      2
 ---------------------------------------------------------------------------------
 (1) _adc_init                                             0     0      0       0
 ---------------------------------------------------------------------------------
 Estimated maximum stack depth 1
 ---------------------------------------------------------------------------------

 Call Graph Graphs:

 _main (ROOT)
   _adc_init
   _adc_read

Address spaces:
Name               Size   Autos  Total    Usage
BITCOMRAM           95      0       0      0.0%
BITBANK0           160      0       0      0.0%
BITBANK1           256      0       0      0.0%
BITBANK2           256      0       0      0.0%
BITBANK3           256      0       0      0.0%
BITBANK4           256      0       0      0.0%
BITBANK5           256      0       0      0.0%
BITBANK6           256      0       0      0.0%
BITBANK7           256      0       0      0.0%
BITBIGSFRlh         64      0       0      0.0%
BITBIGSFRh          61      0       0      0.0%
BITBIGSFRll         33      0       0      0.0%
COMRAM              95      9       9      9.5%
BANK0              160      0       0      0.0%
BANK1              256      0       0      0.0%
BANK2              256      0       0      0.0%
BANK3              256      0       0      0.0%
BANK4              256      0       0      0.0%
BANK5              256      0       0      0.0%
BANK6              256      0       0      0.0%
BANK7              256      0       0      0.0%
BIGRAM            2047      0       0      0.0%
STACK                0      0       0      0.0%
DATA                 0      0       9      0.0%


Microchip Technology PIC18 Macro Assembler V3.10 build 20250813170317 
Symbol Table                                                                                   Fri Dec 19 09:34:04 2025

                     l31 086E                       l25 087C                       l28 084E  
                     u20 085C                       u21 0858                       u37 0838  
                    l825 0870                      l851 085C                      l861 080A  
                    l863 080C                      l855 0802                      l849 084C  
                    l865 0810                      l857 0806                      l867 082A  
                    l859 0808                      l869 082E                      wreg 0FE8  
            main@adc_val 0007                     _main 0802                     start 7FFC  
           ___param_bank 0000                    ?_main 0001                    _PORTB 0F81  
                  _TRISA 0F92                    _TRISB 0F93                    status 0FD8  
        __initialization 087E             __end_of_main 084C                   ??_main 0005  
          __activetblptr 0000                   _ADCON0 0FC2                   _ADCON1 0FC1  
                 _ADCON2 0FC0                   _ADRESH 0FC4                   _ADRESL 0FC3  
       __end_of_adc_init 087E         __end_of_adc_read 0870                   _OSCCON 0FD3  
                 isa$std 0001             __mediumconst 0800               __accesstop 0060  
__end_of__initialization 087E            ___rparam_used 0001           __pcstackCOMRAM 0001  
              ?_adc_init 0001                ?_adc_read 0001                  __Hparam 0000  
                __Lparam 0000             __psmallconst 0800                  __pcinit 087E  
                __ramtop 0800               ??_adc_init 0001               ??_adc_read 0003  
                __ptext0 0802                  __ptext1 084C                  __ptext2 0870  
   end_of_initialization 087E      start_initialization 087E              __smallconst 0800  
             _ADCON0bits 0FC2                 __Hrparam 0000                 __Lrparam 0000  
               _adc_init 0870                 _adc_read 084C                 isa$xinst 0000  
               main@temp 0009  
